<?xml version="1.0" encoding="UTF-8"?>
<!-- Generated by org.testng.reporters.JUnitReportReporter -->
<testsuite skipped="0" hostname="DESKTOP-GHCBEI2" name="loginTC.LoginTestCase_JXL" tests="4" failures="0" timestamp="2023-05-31T19:18:19 IST" time="3.739" errors="0">
  <testcase name="loginTestcase" time="1.816" classname="loginTC.LoginTestCase_JXL"/>
  <system-out/>
  <testcase name="loginTestcase" time="0.674" classname="loginTC.LoginTestCase_JXL"/>
  <system-out/>
  <testcase name="loginTestcase" time="0.732" classname="loginTC.LoginTestCase_JXL"/>
  <system-out/>
  <testcase name="loginTestcase" time="0.517" classname="loginTC.LoginTestCase_JXL"/>
  <system-out/>
</testsuite> <!-- loginTC.LoginTestCase_JXL -->
