<?xml version="1.0" encoding="UTF-8"?>
<!-- Generated by org.testng.reporters.JUnitReportReporter -->
<testsuite skipped="0" hostname="DESKTOP-GHCBEI2" name="testNG.TestNGAnnotationProject2" tests="3" failures="0" timestamp="2023-05-30T11:44:37 IST" time="6.536" errors="0">
  <testcase name="firsttestcase" time="3.770" classname="testNG.TestNGAnnotationProject2"/>
  <system-out/>
  <testcase name="secondtestcase" time="1.683" classname="testNG.TestNGAnnotationProject2"/>
  <system-out/>
  <testcase name="thirdtestcase" time="1.083" classname="testNG.TestNGAnnotationProject2"/>
  <system-out/>
</testsuite> <!-- testNG.TestNGAnnotationProject2 -->
