<?xml version="1.0" encoding="UTF-8"?>
<!-- Generated by org.testng.reporters.JUnitReportReporter -->
<testsuite skipped="0" hostname="DESKTOP-GHCBEI2" name="testNG.AnnotationProject2" tests="3" failures="0" timestamp="2023-05-30T11:52:19 IST" time="14.434" errors="0">
  <testcase name="firsttestcase" time="2.746" classname="testNG.AnnotationProject2"/>
  <system-out/>
  <testcase name="secondtestcase" time="9.536" classname="testNG.AnnotationProject2"/>
  <system-out/>
  <testcase name="thirdtestcase" time="2.152" classname="testNG.AnnotationProject2"/>
  <system-out/>
</testsuite> <!-- testNG.AnnotationProject2 -->
