<?xml version="1.0" encoding="UTF-8"?>
<!-- Generated by org.testng.reporters.JUnitReportReporter -->
<testsuite skipped="0" hostname="DESKTOP-GHCBEI2" name="testNG.TestNGAnnotationProject1" tests="3" failures="0" timestamp="2023-05-30T11:45:22 IST" time="32.191" errors="0">
  <testcase name="thirdtestcase" time="7.320" classname="testNG.TestNGAnnotationProject1"/>
  <system-out/>
  <testcase name="firsttestcase" time="8.317" classname="testNG.TestNGAnnotationProject1"/>
  <system-out/>
  <testcase name="secondtestcase" time="16.554" classname="testNG.TestNGAnnotationProject1"/>
  <system-out/>
</testsuite> <!-- testNG.TestNGAnnotationProject1 -->
