<?xml version="1.0" encoding="UTF-8"?>
<!-- Generated by org.testng.reporters.JUnitReportReporter -->
<testsuite skipped="0" hostname="DESKTOP-GHCBEI2" name="testNG.AnnotationProject1" tests="3" failures="0" timestamp="2023-05-30T11:52:19 IST" time="32.246" errors="0">
  <testcase name="thirdtestcase" time="11.063" classname="testNG.AnnotationProject1"/>
  <system-out/>
  <testcase name="firsttestcase" time="5.938" classname="testNG.AnnotationProject1"/>
  <system-out/>
  <testcase name="secondtestcase" time="15.245" classname="testNG.AnnotationProject1"/>
  <system-out/>
</testsuite> <!-- testNG.AnnotationProject1 -->
