<?xml version="1.0" encoding="UTF-8"?>
<!-- Generated by org.testng.reporters.JUnitReportReporter -->
<testsuite skipped="0" hostname="DESKTOP-GHCBEI2" name="testNG.AnnotationHierarchy" tests="1" failures="0" timestamp="2023-05-30T20:02:51 IST" time="0.008" errors="0">
  <testcase name="test" time="0.008" classname="testNG.AnnotationHierarchy"/>
  <system-out/>
</testsuite> <!-- testNG.AnnotationHierarchy -->
