<?xml version="1.0" encoding="UTF-8"?>
<!-- Generated by org.testng.reporters.JUnitReportReporter -->
<testsuite skipped="0" hostname="DESKTOP-GHCBEI2" name="testNG.Parameterization" tests="1" failures="0" timestamp="2023-05-30T19:25:41 IST" time="2.360" errors="0">
  <testcase name="firsttestcase" time="2.360" classname="testNG.Parameterization"/>
  <system-out/>
</testsuite> <!-- testNG.Parameterization -->
