<?xml version="1.0" encoding="UTF-8"?>
<!-- Generated by org.testng.reporters.JUnitReportReporter -->
<testsuite skipped="0" hostname="DESKTOP-GHCBEI2" name="testNG.ParalelTestExecution" tests="2" failures="0" timestamp="2023-05-30T19:38:12 IST" time="28.790" errors="0">
  <testcase name="openGoogle" time="14.395" classname="testNG.ParalelTestExecution"/>
  <system-out/>
  <testcase name="openYahoo" time="14.395" classname="testNG.ParalelTestExecution"/>
  <system-out/>
</testsuite> <!-- testNG.ParalelTestExecution -->
